<?xml version="1.0" encoding="UTF-8"?>
<testng-results ignored="0" total="2" passed="2" failed="0" skipped="0">
  <reporter-output>
  </reporter-output>
  <suite started-at="2023-03-02T16:16:02 IST" name="programme1suite" finished-at="2023-03-02T16:16:15 IST" duration-ms="12702">
    <groups>
    </groups>
    <test started-at="2023-03-02T16:16:02 IST" name="programmeTest" finished-at="2023-03-02T16:16:15 IST" duration-ms="12702">
      <class name="parallel_execution.Programme_Parallel1">
        <test-method is-config="true" signature="setup()[pri:0, instance:parallel_execution.Programme_Parallel1@3f191845]" started-at="2023-03-02T16:16:02 IST" name="setup" finished-at="2023-03-02T16:16:11 IST" duration-ms="9408" status="PASS">
          <reporter-output>
          </reporter-output>
        </test-method> <!-- setup -->
        <test-method signature="login()[pri:1, instance:parallel_execution.Programme_Parallel1@3f191845]" started-at="2023-03-02T16:16:11 IST" name="login" finished-at="2023-03-02T16:16:12 IST" duration-ms="1023" status="PASS">
          <reporter-output>
          </reporter-output>
        </test-method> <!-- login -->
        <test-method signature="title()[pri:2, instance:parallel_execution.Programme_Parallel1@3f191845]" started-at="2023-03-02T16:16:12 IST" name="title" finished-at="2023-03-02T16:16:14 IST" duration-ms="1438" status="PASS">
          <reporter-output>
          </reporter-output>
        </test-method> <!-- title -->
        <test-method is-config="true" signature="closeapp()[pri:0, instance:parallel_execution.Programme_Parallel1@3f191845]" started-at="2023-03-02T16:16:14 IST" name="closeapp" finished-at="2023-03-02T16:16:15 IST" duration-ms="705" status="PASS">
          <reporter-output>
          </reporter-output>
        </test-method> <!-- closeapp -->
      </class> <!-- parallel_execution.Programme_Parallel1 -->
    </test> <!-- programmeTest -->
  </suite> <!-- programme1suite -->
</testng-results>
