<?xml version="1.0" encoding="UTF-8"?>
<testng-results ignored="0" total="2" passed="2" failed="0" skipped="0">
  <reporter-output>
  </reporter-output>
  <suite started-at="2023-03-02T15:05:53 IST" name="programme1suite" finished-at="2023-03-02T15:06:07 IST" duration-ms="13715">
    <groups>
    </groups>
    <test started-at="2023-03-02T15:05:53 IST" name="programmeTest" finished-at="2023-03-02T15:06:07 IST" duration-ms="13715">
      <class name="parallel_execution.Programme_Parallel1">
        <test-method is-config="true" signature="setup()[pri:0, instance:parallel_execution.Programme_Parallel1@54a7079e]" started-at="2023-03-02T15:05:53 IST" name="setup" finished-at="2023-03-02T15:06:03 IST" duration-ms="10266" status="PASS">
          <reporter-output>
          </reporter-output>
        </test-method> <!-- setup -->
        <test-method signature="login()[pri:1, instance:parallel_execution.Programme_Parallel1@54a7079e]" started-at="2023-03-02T15:06:03 IST" name="login" finished-at="2023-03-02T15:06:05 IST" duration-ms="1577" status="PASS">
          <reporter-output>
          </reporter-output>
        </test-method> <!-- login -->
        <test-method signature="title()[pri:2, instance:parallel_execution.Programme_Parallel1@54a7079e]" started-at="2023-03-02T15:06:05 IST" name="title" finished-at="2023-03-02T15:06:06 IST" duration-ms="1187" status="PASS">
          <reporter-output>
          </reporter-output>
        </test-method> <!-- title -->
        <test-method is-config="true" signature="closeapp()[pri:0, instance:parallel_execution.Programme_Parallel1@54a7079e]" started-at="2023-03-02T15:06:06 IST" name="closeapp" finished-at="2023-03-02T15:06:07 IST" duration-ms="570" status="PASS">
          <reporter-output>
          </reporter-output>
        </test-method> <!-- closeapp -->
      </class> <!-- parallel_execution.Programme_Parallel1 -->
    </test> <!-- programmeTest -->
  </suite> <!-- programme1suite -->
</testng-results>
